Change Component Designator: OldDesignator=+1 NewDesignator=+?
Change Component Designator: OldDesignator=3V3 NewDesignator=?
Change Component Designator: OldDesignator=AT1 NewDesignator=AT?
Change Component Designator: OldDesignator=C1 NewDesignator=C?
Change Component Designator: OldDesignator=C2 NewDesignator=C?
Change Component Designator: OldDesignator=C3 NewDesignator=C?
Change Component Designator: OldDesignator=C4 NewDesignator=C?
Change Component Designator: OldDesignator=C5 NewDesignator=C?
Change Component Designator: OldDesignator=C6 NewDesignator=C?
Change Component Designator: OldDesignator=C7 NewDesignator=C?
Change Component Designator: OldDesignator=C8 NewDesignator=C?
Change Component Designator: OldDesignator=C9 NewDesignator=C?
Change Component Designator: OldDesignator=C10 NewDesignator=C?
Change Component Designator: OldDesignator=C11 NewDesignator=C?
Change Component Designator: OldDesignator=C12 NewDesignator=C?
Change Component Designator: OldDesignator=C13 NewDesignator=C?
Change Component Designator: OldDesignator=C14 NewDesignator=C?
Change Component Designator: OldDesignator=C15 NewDesignator=C?
Change Component Designator: OldDesignator=C16 NewDesignator=C?
Change Component Designator: OldDesignator=C17 NewDesignator=C?
Change Component Designator: OldDesignator=C18 NewDesignator=C?
Change Component Designator: OldDesignator=C19 NewDesignator=C?
Change Component Designator: OldDesignator=C20 NewDesignator=C?
Change Component Designator: OldDesignator=C21 NewDesignator=C?
Change Component Designator: OldDesignator=C22 NewDesignator=C?
Change Component Designator: OldDesignator=C23 NewDesignator=C?
Change Component Designator: OldDesignator=C24 NewDesignator=C?
Change Component Designator: OldDesignator=C25 NewDesignator=C?
Change Component Designator: OldDesignator=C26 NewDesignator=C?
Change Component Designator: OldDesignator=C27 NewDesignator=C?
Change Component Designator: OldDesignator=C28 NewDesignator=C?
Change Component Designator: OldDesignator=C29 NewDesignator=C?
Change Component Designator: OldDesignator=C30 NewDesignator=C?
Change Component Designator: OldDesignator=C31 NewDesignator=C?
Change Component Designator: OldDesignator=C32 NewDesignator=C?
Change Component Designator: OldDesignator=C33 NewDesignator=C?
Change Component Designator: OldDesignator=C34 NewDesignator=C?
Change Component Designator: OldDesignator=C35 NewDesignator=C?
Change Component Designator: OldDesignator=C36 NewDesignator=C?
Change Component Designator: OldDesignator=C37 NewDesignator=C?
Change Component Designator: OldDesignator=C38 NewDesignator=C?
Change Component Designator: OldDesignator=C39 NewDesignator=C?
Change Component Designator: OldDesignator=C40 NewDesignator=C?
Change Component Designator: OldDesignator=C41 NewDesignator=C?
Change Component Designator: OldDesignator=C42 NewDesignator=C?
Change Component Designator: OldDesignator=C43 NewDesignator=C?
Change Component Designator: OldDesignator=D1 NewDesignator=D?
Change Component Designator: OldDesignator=D2 NewDesignator=D?
Change Component Designator: OldDesignator=D3 NewDesignator=D?
Change Component Designator: OldDesignator=D4 NewDesignator=D?
Change Component Designator: OldDesignator=D5 NewDesignator=D?
Change Component Designator: OldDesignator=D6 NewDesignator=D?
Change Component Designator: OldDesignator=D7 NewDesignator=D?
Change Component Designator: OldDesignator=D8 NewDesignator=D?
Change Component Designator: OldDesignator=D9 NewDesignator=D?
Change Component Designator: OldDesignator=D10 NewDesignator=D?
Change Component Designator: OldDesignator=F1 NewDesignator=F?
Change Component Designator: OldDesignator=F2 NewDesignator=F?
Change Component Designator: OldDesignator=GND1 NewDesignator=GND?
Change Component Designator: OldDesignator=IC1 NewDesignator=IC?
Change Component Designator: OldDesignator=IC2 NewDesignator=IC?
Change Component Designator: OldDesignator=L1 NewDesignator=L?
Change Component Designator: OldDesignator=LED1 NewDesignator=LED?
Change Component Designator: OldDesignator=LED2 NewDesignator=LED?
Change Component Designator: OldDesignator=LED3 NewDesignator=LED?
Change Component Designator: OldDesignator=LED4 NewDesignator=LED?
Change Component Designator: OldDesignator=LED5 NewDesignator=LED?
Change Component Designator: OldDesignator=LM1 NewDesignator=LM?
Change Component Designator: OldDesignator=LoRa-1 NewDesignator=LoRa-?
Change Component Designator: OldDesignator=P1 NewDesignator=P?
Change Component Designator: OldDesignator=P2 NewDesignator=P?
Change Component Designator: OldDesignator=P3 NewDesignator=P?
Change Component Designator: OldDesignator=P4 NewDesignator=P?
Change Component Designator: OldDesignator=P5 NewDesignator=P?
Change Component Designator: OldDesignator=P6 NewDesignator=P?
Change Component Designator: OldDesignator=P7 NewDesignator=P?
Change Component Designator: OldDesignator=P8 NewDesignator=P?
Change Component Designator: OldDesignator=P9 NewDesignator=P?
Change Component Designator: OldDesignator=P10 NewDesignator=P?
Change Component Designator: OldDesignator=P11 NewDesignator=P?
Change Component Designator: OldDesignator=P12 NewDesignator=P?
Change Component Designator: OldDesignator=P13 NewDesignator=P?
Change Component Designator: OldDesignator=P14 NewDesignator=P?
Change Component Designator: OldDesignator=P15 NewDesignator=P?
Change Component Designator: OldDesignator=Q1 NewDesignator=Q?
Change Component Designator: OldDesignator=Q2 NewDesignator=Q?
Change Component Designator: OldDesignator=Q3 NewDesignator=Q?
Change Component Designator: OldDesignator=Q4 NewDesignator=Q?
Change Component Designator: OldDesignator=Q5 NewDesignator=Q?
Change Component Designator: OldDesignator=Q6 NewDesignator=Q?
Change Component Designator: OldDesignator=Q7 NewDesignator=Q?
Change Component Designator: OldDesignator=Q8 NewDesignator=Q?
Change Component Designator: OldDesignator=R1 NewDesignator=R?
Change Component Designator: OldDesignator=R2 NewDesignator=R?
Change Component Designator: OldDesignator=R3 NewDesignator=R?
Change Component Designator: OldDesignator=R4 NewDesignator=R?
Change Component Designator: OldDesignator=R5 NewDesignator=R?
Change Component Designator: OldDesignator=R6 NewDesignator=R?
Change Component Designator: OldDesignator=R7 NewDesignator=R?
Change Component Designator: OldDesignator=R8 NewDesignator=R?
Change Component Designator: OldDesignator=R9 NewDesignator=R?
Change Component Designator: OldDesignator=R10 NewDesignator=R?
Change Component Designator: OldDesignator=R11 NewDesignator=R?
Change Component Designator: OldDesignator=R12 NewDesignator=R?
Change Component Designator: OldDesignator=R13 NewDesignator=R?
Change Component Designator: OldDesignator=R14 NewDesignator=R?
Change Component Designator: OldDesignator=R15 NewDesignator=R?
Change Component Designator: OldDesignator=R16 NewDesignator=R?
Change Component Designator: OldDesignator=R17 NewDesignator=R?
Change Component Designator: OldDesignator=R18 NewDesignator=R?
Change Component Designator: OldDesignator=R19 NewDesignator=R?
Change Component Designator: OldDesignator=R20 NewDesignator=R?
Change Component Designator: OldDesignator=R21 NewDesignator=R?
Change Component Designator: OldDesignator=R22 NewDesignator=R?
Change Component Designator: OldDesignator=R23 NewDesignator=R?
Change Component Designator: OldDesignator=R24 NewDesignator=R?
Change Component Designator: OldDesignator=R25 NewDesignator=R?
Change Component Designator: OldDesignator=R26 NewDesignator=R?
Change Component Designator: OldDesignator=R27 NewDesignator=R?
Change Component Designator: OldDesignator=R28 NewDesignator=R?
Change Component Designator: OldDesignator=R29 NewDesignator=R?
Change Component Designator: OldDesignator=R30 NewDesignator=R?
Change Component Designator: OldDesignator=R31 NewDesignator=R?
Change Component Designator: OldDesignator=R32 NewDesignator=R?
Change Component Designator: OldDesignator=R33 NewDesignator=R?
Change Component Designator: OldDesignator=R34 NewDesignator=R?
Change Component Designator: OldDesignator=R35 NewDesignator=R?
Change Component Designator: OldDesignator=R36 NewDesignator=R?
Change Component Designator: OldDesignator=R37 NewDesignator=R?
Change Component Designator: OldDesignator=R38 NewDesignator=R?
Change Component Designator: OldDesignator=R39 NewDesignator=R?
Change Component Designator: OldDesignator=R40 NewDesignator=R?
Change Component Designator: OldDesignator=R41 NewDesignator=R?
Change Component Designator: OldDesignator=R42 NewDesignator=R?
Change Component Designator: OldDesignator=R43 NewDesignator=R?
Change Component Designator: OldDesignator=R44 NewDesignator=R?
Change Component Designator: OldDesignator=R45 NewDesignator=R?
Change Component Designator: OldDesignator=R46 NewDesignator=R?
Change Component Designator: OldDesignator=R47 NewDesignator=R?
Change Component Designator: OldDesignator=R48 NewDesignator=R?
Change Component Designator: OldDesignator=R49 NewDesignator=R?
Change Component Designator: OldDesignator=R50 NewDesignator=R?
Change Component Designator: OldDesignator=R51 NewDesignator=R?
Change Component Designator: OldDesignator=R52 NewDesignator=R?
Change Component Designator: OldDesignator=R53 NewDesignator=R?
Change Component Designator: OldDesignator=R54 NewDesignator=R?
Change Component Designator: OldDesignator=R55 NewDesignator=R?
Change Component Designator: OldDesignator=R56 NewDesignator=R?
Change Component Designator: OldDesignator=R57 NewDesignator=R?
Change Component Designator: OldDesignator=R58 NewDesignator=R?
Change Component Designator: OldDesignator=R59 NewDesignator=R?
Change Component Designator: OldDesignator=R60 NewDesignator=R?
Change Component Designator: OldDesignator=R61 NewDesignator=R?
Change Component Designator: OldDesignator=R62 NewDesignator=R?
Change Component Designator: OldDesignator=R63 NewDesignator=R?
Change Component Designator: OldDesignator=R64 NewDesignator=R?
Change Component Designator: OldDesignator=R65 NewDesignator=R?
Change Component Designator: OldDesignator=R66 NewDesignator=R?
Change Component Designator: OldDesignator=R67 NewDesignator=R?
Change Component Designator: OldDesignator=RL1 NewDesignator=RL?
Change Component Designator: OldDesignator=RL2 NewDesignator=RL?
Change Component Designator: OldDesignator=S1 NewDesignator=S?
Change Component Designator: OldDesignator=S2 NewDesignator=S?
Change Component Designator: OldDesignator=S3 NewDesignator=S?
Change Component Designator: OldDesignator=U1 NewDesignator=U?
Change Component Designator: OldDesignator=U2 NewDesignator=U?
Change Component Designator: OldDesignator=U3 NewDesignator=U?
Change Component Designator: OldDesignator=U4 NewDesignator=U?
Change Component Designator: OldDesignator=U5 NewDesignator=U?
Change Component Designator: OldDesignator=U6 NewDesignator=U?
Change Component Designator: OldDesignator=U7 NewDesignator=U?
Change Component Designator: OldDesignator=U8 NewDesignator=U?
Change Component Designator: OldDesignator=U9 NewDesignator=U?
Change Component Designator: OldDesignator=U10 NewDesignator=U?
Change Component Designator: OldDesignator=U11 NewDesignator=U?
Change Component Designator: OldDesignator=U12 NewDesignator=U?
Change Component Designator: OldDesignator=V1 NewDesignator=V?
Change Component Designator: OldDesignator=V2 NewDesignator=V?
Change Component Designator: OldDesignator=XS1 NewDesignator=XS?
Change Component Designator: OldDesignator=XS2 NewDesignator=XS?
Change Component Designator: OldDesignator=XS3 NewDesignator=XS?
Change Component Designator: OldDesignator=Y1 NewDesignator=Y?
Change Component Designator: OldDesignator=Y2 NewDesignator=Y?
Added Component: Designator=GND-?(TEST_POINT)
Add component. Clean all parameters for all variants
Change Net Name : Old Net Name=Net1_1 New Net Name=Net?_1
Change Net Name : Old Net Name=Net+1_1 New Net Name=Net+?_1
Change Net Name : Old Net Name=NetC1_2 New Net Name=NetC?_2
Change Net Name : Old Net Name=NetC2_2 New Net Name=NetC?_2
Change Net Name : Old Net Name=NetC3_2 New Net Name=NetC?_2
Change Net Name : Old Net Name=NetC8_2 New Net Name=NetC?_2
Change Net Name : Old Net Name=NetC9_2 New Net Name=NetC?_2
Change Net Name : Old Net Name=NetC10_2 New Net Name=NetC?_2
Change Net Name : Old Net Name=NetC11_1 New Net Name=NetC?_1
Change Net Name : Old Net Name=NetC11_2 New Net Name=NetC?_2
Change Net Name : Old Net Name=NetC12_1 New Net Name=NetC?_1
Change Net Name : Old Net Name=NetC13_2 New Net Name=NetC?_2
Change Net Name : Old Net Name=NetC14_2 New Net Name=NetC?_2
Change Net Name : Old Net Name=NetC17_1 New Net Name=NetC?_1
Change Net Name : Old Net Name=NetC17_2 New Net Name=NetC?_2
Change Net Name : Old Net Name=NetC24_2 New Net Name=NetC?_2
Change Net Name : Old Net Name=NetC30_1 New Net Name=NetC?_1
Change Net Name : Old Net Name=NetC31_1 New Net Name=NetC?_1
Change Net Name : Old Net Name=NetC33_1 New Net Name=NetC?_1
Change Net Name : Old Net Name=NetC34_1 New Net Name=NetC?_1
Change Net Name : Old Net Name=NetC36_2 New Net Name=NetC?_2
Change Net Name : Old Net Name=NetD2_2 New Net Name=NetD?_2
Change Net Name : Old Net Name=NetD5_A New Net Name=NetD?_A
Change Net Name : Old Net Name=NetD6_A New Net Name=NetD?_A
Change Net Name : Old Net Name=NetD8_1 New Net Name=NetD?_1
Change Net Name : Old Net Name=NetD10_1 New Net Name=NetD?_1
Change Net Name : Old Net Name=NetF1_1 New Net Name=NetF?_1
Change Net Name : Old Net Name=NetF1_2 New Net Name=NetF?_2
Change Net Name : Old Net Name=NetF2_1 New Net Name=NetF?_1
Change Net Name : Old Net Name=NetIC1_2 New Net Name=NetIC?_2
Change Net Name : Old Net Name=NetIC1_6 New Net Name=NetIC?_6
Change Net Name : Old Net Name=NetLED1_1 New Net Name=NetLED?_1
Change Net Name : Old Net Name=NetLED2_1 New Net Name=NetLED?_1
Change Net Name : Old Net Name=NetLED2_2 New Net Name=NetLED?_2
Change Net Name : Old Net Name=NetLED2_3 New Net Name=NetLED?_3
Change Net Name : Old Net Name=NetLED3_1 New Net Name=NetLED?_1
Change Net Name : Old Net Name=NetLED4_1 New Net Name=NetLED?_1
Change Net Name : Old Net Name=NetLED5_1 New Net Name=NetLED?_1
Change Net Name : Old Net Name=NetLED5_2 New Net Name=NetLED?_2
Change Net Name : Old Net Name=NetLED5_3 New Net Name=NetLED?_3
Change Net Name : Old Net Name=NetP1_1 New Net Name=NetP?_1
Change Net Name : Old Net Name=NetP4_1 New Net Name=NetP?_1
Change Net Name : Old Net Name=NetP15_3 New Net Name=NetP?_3
Change Net Name : Old Net Name=NetP15_4 New Net Name=NetP?_4
Change Net Name : Old Net Name=NetQ2_1 New Net Name=NetQ?_1
Change Net Name : Old Net Name=NetQ2_3 New Net Name=NetQ?_3
Change Net Name : Old Net Name=NetQ4_1 New Net Name=NetQ?_1
Change Net Name : Old Net Name=NetQ5_1 New Net Name=NetQ?_1
Change Net Name : Old Net Name=NetQ6_1 New Net Name=NetQ?_1
Change Net Name : Old Net Name=NetQ7_1 New Net Name=NetQ?_1
Change Net Name : Old Net Name=NetQ8_1 New Net Name=NetQ?_1
Change Net Name : Old Net Name=NetR5_1 New Net Name=NetR?_1
Change Net Name : Old Net Name=NetR8_2 New Net Name=NetR?_2
Change Net Name : Old Net Name=NetR13_1 New Net Name=NetR?_1
Change Net Name : Old Net Name=NetR16_2 New Net Name=NetR?_2
Change Net Name : Old Net Name=NetR23_2 New Net Name=NetR?_2
Change Net Name : Old Net Name=NetR25_2 New Net Name=NetR?_2
Change Net Name : Old Net Name=NetR27_2 New Net Name=NetR?_2
Change Net Name : Old Net Name=NetR40_1 New Net Name=NetR?_1
Change Net Name : Old Net Name=NetR43_1 New Net Name=NetR?_1
Change Net Name : Old Net Name=NetR49_2 New Net Name=NetR?_2
Change Net Name : Old Net Name=NetR50_1 New Net Name=NetR?_1
Change Net Name : Old Net Name=NetR55_1 New Net Name=NetR?_1
Added Member To Class: ClassName=µç´Å·§V3.0 Member=Component GND-? 3.3V
Added Room: Name=µç´Å·§V3.0
