Removed Pin From Net: NetName=NetLED1_A Pin=LED1-A
Removed Pin From Net: NetName=NetLED2_A Pin=LED2-A
Removed Pin From Net: NetName=NetLED3_A Pin=LED3-A
Removed Pin From Net: NetName=GND Pin=LED3-K
Removed Pin From Net: NetName=NetLED3_A Pin=R10-2
Removed Pin From Net: NetName=NetLED1_A Pin=R45-2
Removed Pin From Net: NetName=NetLED2_A Pin=R51-2
Change Component Comment : Designator=LED1 Old Comment=LEDa New Comment=LED-5mm
Change Component Comment : Designator=LED3 Old Comment=LEDa New Comment=LED-5mm
Change Component Designator: OldDesignator=D1 NewDesignator=D2
Change Component Designator: OldDesignator=D2 NewDesignator=D4
Change Component Designator: OldDesignator=D3 NewDesignator=D1
Change Component Designator: OldDesignator=D3 NewDesignator=D5
Change Component Designator: OldDesignator=D4 NewDesignator=D3
Change Component Designator: OldDesignator=D4 NewDesignator=D6
Change Component Designator: OldDesignator=D5 NewDesignator=D7
Change Component Designator: OldDesignator=D7 NewDesignator=D8
Change Component Designator: OldDesignator=D8 NewDesignator=D9
Change Component Designator: OldDesignator=LED4 NewDesignator=LED2
Added Component: Designator=LED4(LED_5mm)
Add component. Clean all parameters for all variants
Added Pin To Net: NetName=NetLED3_A Pin=LED4-1
Added Pin To Net: NetName=NetD10_1 Pin=LED4-2
Added Pin To Net: NetName=NetLED1_A Pin=R10-2
Added Pin To Net: NetName=NetLED2_A Pin=R45-2
Added Pin To Net: NetName=NetLED3_A Pin=R51-2
Change Net Name : Old Net Name=NetD1_2 New Net Name=NetD2_2
Change Net Name : Old Net Name=NetD3_A New Net Name=NetD5_A
Change Net Name : Old Net Name=NetD4_A New Net Name=NetD6_A
Change Net Name : Old Net Name=NetD7_1 New Net Name=NetD8_1
Change Net Name : Old Net Name=NetLED1_A New Net Name=NetLED1_1
Change Net Name : Old Net Name=NetLED2_A New Net Name=NetLED3_1
Change Net Name : Old Net Name=NetLED3_A New Net Name=NetLED4_1
Change Net Name : Old Net Name=NetLED4_1 New Net Name=NetLED2_1
Change Net Name : Old Net Name=NetLED4_2 New Net Name=NetLED2_2
Change Net Name : Old Net Name=NetLED4_3 New Net Name=NetLED2_3
Added Member To Class: ClassName=µç´Å·§V3.0 Member=Component D6 ÂÌµÆ 0603
Added Member To Class: ClassName=µç´Å·§V3.0 Member=Component D9 SM712
