Added Component: Designator=U2(LC-SMD-4)
Add component. Clean all parameters for all variants
Add component (AddParameter): Name = "ComponentLink1Description"; Value = "https://so.szlcsc.com/global.html?c=&k=pc817"; VariantName = "[No Variations]"
Add component (AddParameter): Name = "ComponentLink1URL"; Value = "https://so.szlcsc.com/global.html?c=&k=pc817"; VariantName = "[No Variations]"
Added Component: Designator=U3(LC-SMD-4)
Add component. Clean all parameters for all variants
Add component (AddParameter): Name = "ComponentLink1Description"; Value = "https://so.szlcsc.com/global.html?c=&k=pc817"; VariantName = "[No Variations]"
Add component (AddParameter): Name = "ComponentLink1URL"; Value = "https://so.szlcsc.com/global.html?c=&k=pc817"; VariantName = "[No Variations]"
Added Component: Designator=U6(LC-SMD-4)
Add component. Clean all parameters for all variants
Add component (AddParameter): Name = "ComponentLink1Description"; Value = "https://so.szlcsc.com/global.html?c=&k=pc817"; VariantName = "[No Variations]"
Add component (AddParameter): Name = "ComponentLink1URL"; Value = "https://so.szlcsc.com/global.html?c=&k=pc817"; VariantName = "[No Variations]"
Added Pin To Net: NetName=NetC8_2 Pin=U2-1
Added Pin To Net: NetName=DO2 Pin=U2-2
Added Pin To Net: NetName=NetP4_1 Pin=U2-3
Added Pin To Net: NetName=24V Pin=U2-4
Added Pin To Net: NetName=NetC11_2 Pin=U3-1
Added Pin To Net: NetName=NetC11_1 Pin=U3-2
Added Pin To Net: NetName=DI1 Pin=U3-3
Added Pin To Net: NetName=3.3V Pin=U3-4
Added Pin To Net: NetName=NetC17_2 Pin=U6-1
Added Pin To Net: NetName=NetC17_1 Pin=U6-2
Added Pin To Net: NetName=DI2 Pin=U6-3
Added Pin To Net: NetName=3.3V Pin=U6-4
Added Member To Class: ClassName=µç´Å·§V3.0 Member=Component U2 PC817
Added Member To Class: ClassName=µç´Å·§V3.0 Member=Component U3 PC817
Added Member To Class: ClassName=µç´Å·§V3.0 Member=Component U6 PC817
Added Room: Name=µç´Å·§V3.0
