Change Component Designator: Old Designator=3V3 New Designator=1
Change Component Designator: Old Designator=C2 New Designator=C1
Change Component Designator: Old Designator=C3 New Designator=C2
Change Component Designator: Old Designator=C4 New Designator=C3
Change Component Designator: Old Designator=C5 New Designator=C4
Change Component Designator: Old Designator=C6 New Designator=C5
Change Component Designator: Old Designator=C7 New Designator=C6
Change Component Designator: Old Designator=C9 New Designator=C7
Change Component Designator: Old Designator=C10 New Designator=C8
Change Component Designator: Old Designator=C11 New Designator=C9
Change Component Designator: Old Designator=C12 New Designator=C10
Change Component Designator: Old Designator=C13 New Designator=C11
Change Component Designator: Old Designator=C14 New Designator=C12
Change Component Designator: Old Designator=C15 New Designator=C13
Change Component Designator: Old Designator=C16 New Designator=C14
Change Component Designator: Old Designator=C17 New Designator=C15
Change Component Designator: Old Designator=C18 New Designator=C16
Change Component Designator: Old Designator=C19 New Designator=C17
Change Component Designator: Old Designator=C20 New Designator=C18
Change Component Designator: Old Designator=C22 New Designator=C21
Change Component Designator: Old Designator=C23 New Designator=C22
Change Component Designator: Old Designator=C24 New Designator=C23
Change Component Designator: Old Designator=C27 New Designator=C24
Change Component Designator: Old Designator=C28 New Designator=C25
Change Component Designator: Old Designator=C29 New Designator=C26
Change Component Designator: Old Designator=C30 New Designator=C27
Change Component Designator: Old Designator=C31 New Designator=C28
Change Component Designator: Old Designator=C32 New Designator=C29
Change Component Designator: Old Designator=C33 New Designator=C30
Change Component Designator: Old Designator=C34 New Designator=C31
Change Component Designator: Old Designator=C35 New Designator=C32
Change Component Designator: Old Designator=C36 New Designator=C33
Change Component Designator: Old Designator=C37 New Designator=C34
Change Component Designator: Old Designator=C38 New Designator=C35
Change Component Designator: Old Designator=C39 New Designator=C36
Change Component Designator: Old Designator=C40 New Designator=C37
Change Component Designator: Old Designator=C41 New Designator=C38
Change Component Designator: Old Designator=C42 New Designator=C39
Change Component Designator: Old Designator=C43 New Designator=C40
Change Component Designator: Old Designator=C? New Designator=C19
Change Component Designator: Old Designator=C? New Designator=C20
Change Component Designator: Old Designator=D8 New Designator=D11
Change Component Designator: Old Designator=D10 New Designator=D15
Change Component Designator: Old Designator=D? New Designator=D8
Change Component Designator: Old Designator=D? New Designator=D9
Change Component Designator: Old Designator=D? New Designator=D10
Change Component Designator: Old Designator=D? New Designator=D12
Change Component Designator: Old Designator=D? New Designator=D13
Change Component Designator: Old Designator=D? New Designator=D14
Change Component Designator: Old Designator=F2 New Designator=F4
Change Component Designator: Old Designator=F? New Designator=F2
Change Component Designator: Old Designator=F? New Designator=F3
Change Component Designator: Old Designator=GROUND? New Designator=GROUND1
Change Component Designator: Old Designator=P9 New Designator=P10
Change Component Designator: Old Designator=P? New Designator=P7
Change Component Designator: Old Designator=P? New Designator=P9
Change Component Designator: Old Designator=R3 New Designator=R2
Change Component Designator: Old Designator=R4 New Designator=R3
Change Component Designator: Old Designator=R5 New Designator=R4
Change Component Designator: Old Designator=R6 New Designator=R5
Change Component Designator: Old Designator=R7 New Designator=R6
Change Component Designator: Old Designator=R8 New Designator=R7
Change Component Designator: Old Designator=R9 New Designator=R8
Change Component Designator: Old Designator=R10 New Designator=R9
Change Component Designator: Old Designator=R11 New Designator=R10
Change Component Designator: Old Designator=R13 New Designator=R11
Change Component Designator: Old Designator=R14 New Designator=R12
Change Component Designator: Old Designator=R15 New Designator=R13
Change Component Designator: Old Designator=R16 New Designator=R14
Change Component Designator: Old Designator=R17 New Designator=R15
Change Component Designator: Old Designator=R18 New Designator=R16
Change Component Designator: Old Designator=R19 New Designator=R17
Change Component Designator: Old Designator=R20 New Designator=R18
Change Component Designator: Old Designator=R21 New Designator=R19
Change Component Designator: Old Designator=R22 New Designator=R20
Change Component Designator: Old Designator=R23 New Designator=R21
Change Component Designator: Old Designator=R24 New Designator=R22
Change Component Designator: Old Designator=R25 New Designator=R23
Change Component Designator: Old Designator=R26 New Designator=R24
Change Component Designator: Old Designator=R27 New Designator=R25
Change Component Designator: Old Designator=R28 New Designator=R26
Change Component Designator: Old Designator=R29 New Designator=R27
Change Component Designator: Old Designator=R30 New Designator=R28
Change Component Designator: Old Designator=R31 New Designator=R29
Change Component Designator: Old Designator=R32 New Designator=R30
Change Component Designator: Old Designator=R33 New Designator=R31
Change Component Designator: Old Designator=R34 New Designator=R32
Change Component Designator: Old Designator=R35 New Designator=R33
Change Component Designator: Old Designator=R36 New Designator=R34
Change Component Designator: Old Designator=R37 New Designator=R35
Change Component Designator: Old Designator=R38 New Designator=R36
Change Component Designator: Old Designator=R39 New Designator=R37
Change Component Designator: Old Designator=R42 New Designator=R43
Change Component Designator: Old Designator=R45 New Designator=R48
Change Component Designator: Old Designator=R47 New Designator=R49
Change Component Designator: Old Designator=R? New Designator=R38
Change Component Designator: Old Designator=R? New Designator=R39
Change Component Designator: Old Designator=R? New Designator=R42
Change Component Designator: Old Designator=R? New Designator=R44
Change Component Designator: Old Designator=R? New Designator=R45
Change Component Designator: Old Designator=R? New Designator=R46
Change Component Designator: Old Designator=R? New Designator=R47
Change Component Designator: Old Designator=U7 New Designator=U9
Change Component Designator: Old Designator=U? New Designator=U7
Change Component Designator: Old Designator=U? New Designator=U8
